This is LuaHBTeX, Version 1.15.0 (TeX Live 2022)  (format=lualatex 2022.10.8)  9 OCT 2022 01:24
 restricted system commands enabled.
 file:line:error style messages enabled.
**d:/Downloads/src/ofzorzo-resume/ofzorzo.tex
(d:/Downloads/src/ofzorzo-resume/ofzorzo.tex
LaTeX2e <2022-06-01> patch level 5
Lua module: luaotfload 2022-10-03 3.23 Lua based OpenType font support
Lua module: lualibs 2022-10-04 2.75 ConTeXt Lua standard libraries.
Lua module: lualibs-extended 2022-10-04 2.75 ConTeXt Lua libraries -- extended collection.
luaotfload | conf : Root cache directory is "D:/ProgramFiles/TeXLive/2022/texmf-var/luatex-cache/generic/names".
luaotfload | init : Loading fontloader "fontloader-2022-10-03.lua" from kpse-resolved path "d:/ProgramFiles/TeXLive/2022/texmf-dist/tex/luatex/luaotfload/fontloader-2022-10-03.lua".
Lua-only attribute luaotfload@noligature = 1
luaotfload | init : Context OpenType loader version 3.120
Inserting `luaotfload.node_processor' at position 1 in `pre_linebreak_filter'.
Inserting `luaotfload.node_processor' at position 1 in `hpack_filter'.
Inserting `luaotfload.glyph_stream' at position 1 in `glyph_stream_provider'.
Inserting `luaotfload.define_font' at position 1 in `define_font'.
Lua-only attribute luaotfload_color_attribute = 2
luaotfload | conf : Root cache directory is "D:/ProgramFiles/TeXLive/2022/texmf-var/luatex-cache/generic/names".
Inserting `luaotfload.harf.strip_prefix' at position 1 in `find_opentype_file'.
Inserting `luaotfload.harf.strip_prefix' at position 1 in `find_truetype_file'.
Removing  `luaotfload.glyph_stream' from `glyph_stream_provider'.
Inserting `luaotfload.harf.glyphstream' at position 1 in `glyph_stream_provider'.
Inserting `luaotfload.harf.finalize_vlist' at position 1 in `post_linebreak_filter'.
Inserting `luaotfload.harf.finalize_hlist' at position 2 in `hpack_filter'.
Inserting `luaotfload.cleanup_files' at position 1 in `wrapup_run'.
Inserting `luaotfload.harf.finalize_unicode' at position 1 in `finish_pdffile'.
Inserting `luaotfload.glyphinfo' at position 1 in `glyph_info'.
Lua-only attribute luaotfload.letterspace_done = 3
Inserting `luaotfload.aux.set_sscale_dimens' at position 1 in `luaotfload.patch_font'.
Inserting `luaotfload.aux.set_font_index' at position 2 in `luaotfload.patch_font'.
Inserting `luaotfload.aux.patch_cambria_domh' at position 3 in `luaotfload.patch_font'.
Inserting `luaotfload.aux.fixup_fontdata' at position 1 in `luaotfload.patch_font_unsafe'.
Inserting `luaotfload.aux.set_capheight' at position 4 in `luaotfload.patch_font'.
Inserting `luaotfload.aux.set_xheight' at position 5 in `luaotfload.patch_font'.
Inserting `luaotfload.rewrite_fontname' at position 6 in `luaotfload.patch_font'. L3 programming layer <2022-09-28>
Inserting `tracingstacklevels' at position 1 in `input_level_string'. (d:/ProgramFiles/TeXLive/2022/texmf-dist/tex/latex/base/article.cls
Document Class: article 2021/10/04 v1.4n Standard LaTeX document class
(d:/ProgramFiles/TeXLive/2022/texmf-dist/tex/latex/base/size10.clo
File: size10.clo 2021/10/04 v1.4n Standard LaTeX file (size option)
luaotfload | db : Font names database loaded from D:/ProgramFiles/TeXLive/2022/texmf-var/luatex-cache/generic/names/luaotfload-names.luc.gz)
\c@part=\count183
\c@section=\count184
\c@subsection=\count185
\c@subsubsection=\count186
\c@paragraph=\count187
\c@subparagraph=\count188
\c@figure=\count189
\c@table=\count190
\abovecaptionskip=\skip47
\belowcaptionskip=\skip48
\bibindent=\dimen137
) (d:/ProgramFiles/TeXLive/2022/texmf-dist/tex/latex/paracol/paracol.sty
Package: paracol 2018/12/31 v1.35 
\pcol@currcol=\count191
\pcol@nextcol=\count192
\pcol@ncol=\count193
\pcol@ncolleft=\count194
\pcol@page=\count195
\pcol@basepage=\count196
\pcol@toppage=\count197
\pcol@footnotebase=\count198
\pcol@nfootnotes=\count199
\pcol@mcid=\count266
\pcol@prevdepth=\dimen138
\pcol@colht=\dimen139
\pcol@textfloatsep=\dimen140
\pcol@lrmargin=\dimen141
\pagerim=\dimen142
\pcol@topskip=\skip49
\belowfootnoteskip=\skip50
\pcol@topfnotes=\box51
\pcol@prespan=\box52
\pcol@rightpage=\box53
\pcol@colorstack@saved=\box54
\pcol@tempboxa=\box55
\pcol@tempboxb=\box56
\pcol@colorins=\insert252
\pcol@everyvbox=\toks16
) (d:/ProgramFiles/TeXLive/2022/texmf-dist/tex/latex/eso-pic/eso-pic.sty
Package: eso-pic 2020/10/14 v3.0a eso-pic (RN)
\ESO@tempdima=\dimen143
\ESO@tempdimb=\dimen144
 (d:/ProgramFiles/TeXLive/2022/texmf-dist/tex/latex/graphics/keyval.sty
Package: keyval 2022/05/29 v1.15 key=value parser (DPC)
\KV@toks@=\toks17
) (d:/ProgramFiles/TeXLive/2022/texmf-dist/tex/latex/xcolor/xcolor.sty
Package: xcolor 2022/06/12 v2.14 LaTeX color extensions (UK)
 (d:/ProgramFiles/TeXLive/2022/texmf-dist/tex/latex/graphics-cfg/color.cfg
File: color.cfg 2016/01/02 v1.6 sample color configuration
)
Package xcolor Info: Driver file: luatex.def on input line 227.
 (d:/ProgramFiles/TeXLive/2022/texmf-dist/tex/latex/graphics-def/luatex.def
File: luatex.def 2022/09/22 v1.2d Graphics/color driver for luatex
) (d:/ProgramFiles/TeXLive/2022/texmf-dist/tex/latex/graphics/mathcolor.ltx)
Package xcolor Info: Model `cmy' substituted by `cmy0' on input line 1353.
Package xcolor Info: Model `hsb' substituted by `rgb' on input line 1357.
Package xcolor Info: Model `RGB' extended on input line 1369.
Package xcolor Info: Model `HTML' substituted by `rgb' on input line 1371.
Package xcolor Info: Model `Hsb' substituted by `hsb' on input line 1372.
Package xcolor Info: Model `tHsb' substituted by `hsb' on input line 1373.
Package xcolor Info: Model `HSB' substituted by `hsb' on input line 1374.
Package xcolor Info: Model `Gray' substituted by `gray' on input line 1375.
Package xcolor Info: Model `wave' substituted by `hsb' on input line 1376.
)) (d:/ProgramFiles/TeXLive/2022/texmf-dist/tex/latex/pgf/frontendlayer/tikz.sty (d:/ProgramFiles/TeXLive/2022/texmf-dist/tex/latex/pgf/basiclayer/pgf.sty (d:/ProgramFiles/TeXLive/2022/texmf-dist/tex/latex/pgf/utilities/pgfrcs.sty (d:/ProgramFiles/TeXLive/2022/texmf-dist/tex/generic/pgf/utilities/pgfutil-common.tex
\pgfutil@everybye=\toks18
\pgfutil@tempdima=\dimen145
\pgfutil@tempdimb=\dimen146
 (d:/ProgramFiles/TeXLive/2022/texmf-dist/tex/generic/pgf/utilities/pgfutil-common-lists.tex)) (d:/ProgramFiles/TeXLive/2022/texmf-dist/tex/generic/pgf/utilities/pgfutil-latex.def
\pgfutil@abb=\box57
) (d:/ProgramFiles/TeXLive/2022/texmf-dist/tex/generic/pgf/utilities/pgfrcs.code.tex (d:/ProgramFiles/TeXLive/2022/texmf-dist/tex/generic/pgf/pgf.revision.tex)
Package: pgfrcs 2021/05/15 v3.1.9a (3.1.9a)
))
Package: pgf 2021/05/15 v3.1.9a (3.1.9a)
 (d:/ProgramFiles/TeXLive/2022/texmf-dist/tex/latex/pgf/basiclayer/pgfcore.sty (d:/ProgramFiles/TeXLive/2022/texmf-dist/tex/latex/graphics/graphicx.sty
Package: graphicx 2021/09/16 v1.2d Enhanced LaTeX Graphics (DPC,SPQR)
 (d:/ProgramFiles/TeXLive/2022/texmf-dist/tex/latex/graphics/graphics.sty
Package: graphics 2022/03/10 v1.4e Standard LaTeX Graphics (DPC,SPQR)
 (d:/ProgramFiles/TeXLive/2022/texmf-dist/tex/latex/graphics/trig.sty
Package: trig 2021/08/11 v1.11 sin cos tan (DPC)
) (d:/ProgramFiles/TeXLive/2022/texmf-dist/tex/latex/graphics-cfg/graphics.cfg
File: graphics.cfg 2016/06/04 v1.11 sample graphics configuration
)
Package graphics Info: Driver file: luatex.def on input line 107.
)
\Gin@req@height=\dimen147
\Gin@req@width=\dimen148
) (d:/ProgramFiles/TeXLive/2022/texmf-dist/tex/latex/pgf/systemlayer/pgfsys.sty (d:/ProgramFiles/TeXLive/2022/texmf-dist/tex/generic/pgf/systemlayer/pgfsys.code.tex
Package: pgfsys 2021/05/15 v3.1.9a (3.1.9a)
 (d:/ProgramFiles/TeXLive/2022/texmf-dist/tex/generic/pgf/utilities/pgfkeys.code.tex
\pgfkeys@pathtoks=\toks19
\pgfkeys@temptoks=\toks20
 (d:/ProgramFiles/TeXLive/2022/texmf-dist/tex/generic/pgf/utilities/pgfkeysfiltered.code.tex
\pgfkeys@tmptoks=\toks21
))
\pgf@x=\dimen149
\pgf@y=\dimen150
\pgf@xa=\dimen151
\pgf@ya=\dimen152
\pgf@xb=\dimen153
\pgf@yb=\dimen154
\pgf@xc=\dimen155
\pgf@yc=\dimen156
\pgf@xd=\dimen157
\pgf@yd=\dimen158
\w@pgf@writea=\write3
\r@pgf@reada=\read2
\c@pgf@counta=\count267
\c@pgf@countb=\count268
\c@pgf@countc=\count269
\c@pgf@countd=\count270
\t@pgf@toka=\toks22
\t@pgf@tokb=\toks23
\t@pgf@tokc=\toks24
\pgf@sys@id@count=\count271
 (d:/ProgramFiles/TeXLive/2022/texmf-dist/tex/generic/pgf/systemlayer/pgf.cfg
File: pgf.cfg 2021/05/15 v3.1.9a (3.1.9a)
)
Driver file for pgf: pgfsys-luatex.def
 (d:/ProgramFiles/TeXLive/2022/texmf-dist/tex/generic/pgf/systemlayer/pgfsys-luatex.def
File: pgfsys-luatex.def 2021/05/15 v3.1.9a (3.1.9a)
 (d:/ProgramFiles/TeXLive/2022/texmf-dist/tex/generic/pgf/systemlayer/pgfsys-common-pdf.def
File: pgfsys-common-pdf.def 2021/05/15 v3.1.9a (3.1.9a)
))) (d:/ProgramFiles/TeXLive/2022/texmf-dist/tex/generic/pgf/systemlayer/pgfsyssoftpath.code.tex
File: pgfsyssoftpath.code.tex 2021/05/15 v3.1.9a (3.1.9a)
\pgfsyssoftpath@smallbuffer@items=\count272
\pgfsyssoftpath@bigbuffer@items=\count273
) (d:/ProgramFiles/TeXLive/2022/texmf-dist/tex/generic/pgf/systemlayer/pgfsysprotocol.code.tex
File: pgfsysprotocol.code.tex 2021/05/15 v3.1.9a (3.1.9a)
)) (d:/ProgramFiles/TeXLive/2022/texmf-dist/tex/generic/pgf/basiclayer/pgfcore.code.tex
Package: pgfcore 2021/05/15 v3.1.9a (3.1.9a)
 (d:/ProgramFiles/TeXLive/2022/texmf-dist/tex/generic/pgf/math/pgfmath.code.tex (d:/ProgramFiles/TeXLive/2022/texmf-dist/tex/generic/pgf/math/pgfmathcalc.code.tex (d:/ProgramFiles/TeXLive/2022/texmf-dist/tex/generic/pgf/math/pgfmathutil.code.tex) (d:/ProgramFiles/TeXLive/2022/texmf-dist/tex/generic/pgf/math/pgfmathparser.code.tex
\pgfmath@dimen=\dimen159
\pgfmath@count=\count274
\pgfmath@box=\box58
\pgfmath@toks=\toks25
\pgfmath@stack@operand=\toks26
\pgfmath@stack@operation=\toks27
) (d:/ProgramFiles/TeXLive/2022/texmf-dist/tex/generic/pgf/math/pgfmathfunctions.code.tex (d:/ProgramFiles/TeXLive/2022/texmf-dist/tex/generic/pgf/math/pgfmathfunctions.basic.code.tex) (d:/ProgramFiles/TeXLive/2022/texmf-dist/tex/generic/pgf/math/pgfmathfunctions.trigonometric.code.tex) (d:/ProgramFiles/TeXLive/2022/texmf-dist/tex/generic/pgf/math/pgfmathfunctions.random.code.tex) (d:/ProgramFiles/TeXLive/2022/texmf-dist/tex/generic/pgf/math/pgfmathfunctions.comparison.code.tex) (d:/ProgramFiles/TeXLive/2022/texmf-dist/tex/generic/pgf/math/pgfmathfunctions.base.code.tex) (d:/ProgramFiles/TeXLive/2022/texmf-dist/tex/generic/pgf/math/pgfmathfunctions.round.code.tex) (d:/ProgramFiles/TeXLive/2022/texmf-dist/tex/generic/pgf/math/pgfmathfunctions.misc.code.tex) (d:/ProgramFiles/TeXLive/2022/texmf-dist/tex/generic/pgf/math/pgfmathfunctions.integerarithmetics.code.tex))) (d:/ProgramFiles/TeXLive/2022/texmf-dist/tex/generic/pgf/math/pgfmathfloat.code.tex
\c@pgfmathroundto@lastzeros=\count275
)) (d:/ProgramFiles/TeXLive/2022/texmf-dist/tex/generic/pgf/math/pgfint.code.tex) (d:/ProgramFiles/TeXLive/2022/texmf-dist/tex/generic/pgf/basiclayer/pgfcorepoints.code.tex
File: pgfcorepoints.code.tex 2021/05/15 v3.1.9a (3.1.9a)
\pgf@picminx=\dimen160
\pgf@picmaxx=\dimen161
\pgf@picminy=\dimen162
\pgf@picmaxy=\dimen163
\pgf@pathminx=\dimen164
\pgf@pathmaxx=\dimen165
\pgf@pathminy=\dimen166
\pgf@pathmaxy=\dimen167
\pgf@xx=\dimen168
\pgf@xy=\dimen169
\pgf@yx=\dimen170
\pgf@yy=\dimen171
\pgf@zx=\dimen172
\pgf@zy=\dimen173
) (d:/ProgramFiles/TeXLive/2022/texmf-dist/tex/generic/pgf/basiclayer/pgfcorepathconstruct.code.tex
File: pgfcorepathconstruct.code.tex 2021/05/15 v3.1.9a (3.1.9a)
\pgf@path@lastx=\dimen174
\pgf@path@lasty=\dimen175
) (d:/ProgramFiles/TeXLive/2022/texmf-dist/tex/generic/pgf/basiclayer/pgfcorepathusage.code.tex
File: pgfcorepathusage.code.tex 2021/05/15 v3.1.9a (3.1.9a)
\pgf@shorten@end@additional=\dimen176
\pgf@shorten@start@additional=\dimen177
) (d:/ProgramFiles/TeXLive/2022/texmf-dist/tex/generic/pgf/basiclayer/pgfcorescopes.code.tex
File: pgfcorescopes.code.tex 2021/05/15 v3.1.9a (3.1.9a)
\pgfpic=\box59
\pgf@hbox=\box60
\pgf@layerbox@main=\box61
\pgf@picture@serial@count=\count276
) (d:/ProgramFiles/TeXLive/2022/texmf-dist/tex/generic/pgf/basiclayer/pgfcoregraphicstate.code.tex
File: pgfcoregraphicstate.code.tex 2021/05/15 v3.1.9a (3.1.9a)
\pgflinewidth=\dimen178
) (d:/ProgramFiles/TeXLive/2022/texmf-dist/tex/generic/pgf/basiclayer/pgfcoretransformations.code.tex
File: pgfcoretransformations.code.tex 2021/05/15 v3.1.9a (3.1.9a)
\pgf@pt@x=\dimen179
\pgf@pt@y=\dimen180
\pgf@pt@temp=\dimen181
) (d:/ProgramFiles/TeXLive/2022/texmf-dist/tex/generic/pgf/basiclayer/pgfcorequick.code.tex
File: pgfcorequick.code.tex 2021/05/15 v3.1.9a (3.1.9a)
) (d:/ProgramFiles/TeXLive/2022/texmf-dist/tex/generic/pgf/basiclayer/pgfcoreobjects.code.tex
File: pgfcoreobjects.code.tex 2021/05/15 v3.1.9a (3.1.9a)
) (d:/ProgramFiles/TeXLive/2022/texmf-dist/tex/generic/pgf/basiclayer/pgfcorepathprocessing.code.tex
File: pgfcorepathprocessing.code.tex 2021/05/15 v3.1.9a (3.1.9a)
) (d:/ProgramFiles/TeXLive/2022/texmf-dist/tex/generic/pgf/basiclayer/pgfcorearrows.code.tex
File: pgfcorearrows.code.tex 2021/05/15 v3.1.9a (3.1.9a)
\pgfarrowsep=\dimen182
) (d:/ProgramFiles/TeXLive/2022/texmf-dist/tex/generic/pgf/basiclayer/pgfcoreshade.code.tex
File: pgfcoreshade.code.tex 2021/05/15 v3.1.9a (3.1.9a)
\pgf@max=\dimen183
\pgf@sys@shading@range@num=\count277
\pgf@shadingcount=\count278
) (d:/ProgramFiles/TeXLive/2022/texmf-dist/tex/generic/pgf/basiclayer/pgfcoreimage.code.tex
File: pgfcoreimage.code.tex 2021/05/15 v3.1.9a (3.1.9a)
 (d:/ProgramFiles/TeXLive/2022/texmf-dist/tex/generic/pgf/basiclayer/pgfcoreexternal.code.tex
File: pgfcoreexternal.code.tex 2021/05/15 v3.1.9a (3.1.9a)
\pgfexternal@startupbox=\box62
)) (d:/ProgramFiles/TeXLive/2022/texmf-dist/tex/generic/pgf/basiclayer/pgfcorelayers.code.tex
File: pgfcorelayers.code.tex 2021/05/15 v3.1.9a (3.1.9a)
) (d:/ProgramFiles/TeXLive/2022/texmf-dist/tex/generic/pgf/basiclayer/pgfcoretransparency.code.tex
File: pgfcoretransparency.code.tex 2021/05/15 v3.1.9a (3.1.9a)
) (d:/ProgramFiles/TeXLive/2022/texmf-dist/tex/generic/pgf/basiclayer/pgfcorepatterns.code.tex
File: pgfcorepatterns.code.tex 2021/05/15 v3.1.9a (3.1.9a)
) (d:/ProgramFiles/TeXLive/2022/texmf-dist/tex/generic/pgf/basiclayer/pgfcorerdf.code.tex
File: pgfcorerdf.code.tex 2021/05/15 v3.1.9a (3.1.9a)
))) (d:/ProgramFiles/TeXLive/2022/texmf-dist/tex/generic/pgf/modules/pgfmoduleshapes.code.tex
File: pgfmoduleshapes.code.tex 2021/05/15 v3.1.9a (3.1.9a)
\pgfnodeparttextbox=\box63
) (d:/ProgramFiles/TeXLive/2022/texmf-dist/tex/generic/pgf/modules/pgfmoduleplot.code.tex
File: pgfmoduleplot.code.tex 2021/05/15 v3.1.9a (3.1.9a)
) (d:/ProgramFiles/TeXLive/2022/texmf-dist/tex/latex/pgf/compatibility/pgfcomp-version-0-65.sty
Package: pgfcomp-version-0-65 2021/05/15 v3.1.9a (3.1.9a)
\pgf@nodesepstart=\dimen184
\pgf@nodesepend=\dimen185
) (d:/ProgramFiles/TeXLive/2022/texmf-dist/tex/latex/pgf/compatibility/pgfcomp-version-1-18.sty
Package: pgfcomp-version-1-18 2021/05/15 v3.1.9a (3.1.9a)
)) (d:/ProgramFiles/TeXLive/2022/texmf-dist/tex/latex/pgf/utilities/pgffor.sty (d:/ProgramFiles/TeXLive/2022/texmf-dist/tex/latex/pgf/utilities/pgfkeys.sty (d:/ProgramFiles/TeXLive/2022/texmf-dist/tex/generic/pgf/utilities/pgfkeys.code.tex)) (d:/ProgramFiles/TeXLive/2022/texmf-dist/tex/latex/pgf/math/pgfmath.sty (d:/ProgramFiles/TeXLive/2022/texmf-dist/tex/generic/pgf/math/pgfmath.code.tex)) (d:/ProgramFiles/TeXLive/2022/texmf-dist/tex/generic/pgf/utilities/pgffor.code.tex
Package: pgffor 2021/05/15 v3.1.9a (3.1.9a)
 (d:/ProgramFiles/TeXLive/2022/texmf-dist/tex/generic/pgf/math/pgfmath.code.tex)
\pgffor@iter=\dimen186
\pgffor@skip=\dimen187
\pgffor@stack=\toks28
\pgffor@toks=\toks29
)) (d:/ProgramFiles/TeXLive/2022/texmf-dist/tex/generic/pgf/frontendlayer/tikz/tikz.code.tex
Package: tikz 2021/05/15 v3.1.9a (3.1.9a)
 (d:/ProgramFiles/TeXLive/2022/texmf-dist/tex/generic/pgf/libraries/pgflibraryplothandlers.code.tex
File: pgflibraryplothandlers.code.tex 2021/05/15 v3.1.9a (3.1.9a)
\pgf@plot@mark@count=\count279
\pgfplotmarksize=\dimen188
)
\tikz@lastx=\dimen189
\tikz@lasty=\dimen190
\tikz@lastxsaved=\dimen191
\tikz@lastysaved=\dimen192
\tikz@lastmovetox=\dimen193
\tikz@lastmovetoy=\dimen194
\tikzleveldistance=\dimen195
\tikzsiblingdistance=\dimen196
\tikz@figbox=\box64
\tikz@figbox@bg=\box65
\tikz@tempbox=\box66
\tikz@tempbox@bg=\box67
\tikztreelevel=\count280
\tikznumberofchildren=\count281
\tikznumberofcurrentchild=\count282
\tikz@fig@count=\count283
 (d:/ProgramFiles/TeXLive/2022/texmf-dist/tex/generic/pgf/modules/pgfmodulematrix.code.tex
File: pgfmodulematrix.code.tex 2021/05/15 v3.1.9a (3.1.9a)
\pgfmatrixcurrentrow=\count284
\pgfmatrixcurrentcolumn=\count285
\pgf@matrix@numberofcolumns=\count286
)
\tikz@expandcount=\count287
 (d:/ProgramFiles/TeXLive/2022/texmf-dist/tex/generic/pgf/frontendlayer/tikz/libraries/tikzlibrarytopaths.code.tex
File: tikzlibrarytopaths.code.tex 2021/05/15 v3.1.9a (3.1.9a)
))) (d:/ProgramFiles/TeXLive/2022/texmf-dist/tex/latex/fontspec/fontspec.sty (d:/ProgramFiles/TeXLive/2022/texmf-dist/tex/latex/l3packages/xparse/xparse.sty (d:/ProgramFiles/TeXLive/2022/texmf-dist/tex/latex/l3kernel/expl3.sty
Package: expl3 2022-09-28 L3 programming layer (loader) 
 (d:/ProgramFiles/TeXLive/2022/texmf-dist/tex/latex/l3backend/l3backend-luatex.def
File: l3backend-luatex.def 2022-09-28 L3 backend support: PDF output (LuaTeX)
\l__color_backend_stack_int=\count288
\l__pdf_internal_box=\box68
))
Package: xparse 2022-06-22 L3 Experimental document command parser
)
Package: fontspec 2022/01/15 v2.8a Font selection for XeLaTeX and LuaLaTeX
Lua module: fontspec 2022/01/15 2.8a Font selection for XeLaTeX and LuaLaTeX (d:/ProgramFiles/TeXLive/2022/texmf-dist/tex/latex/fontspec/fontspec-luatex.sty
Package: fontspec-luatex 2022/01/15 v2.8a Font selection for XeLaTeX and LuaLaTeX
\l__fontspec_script_int=\count289
\l__fontspec_language_int=\count290
\l__fontspec_strnum_int=\count291
\l__fontspec_tmp_int=\count292
\l__fontspec_tmpa_int=\count293
\l__fontspec_tmpb_int=\count294
\l__fontspec_tmpc_int=\count295
\l__fontspec_em_int=\count296
\l__fontspec_emdef_int=\count297
\l__fontspec_strong_int=\count298
\l__fontspec_strongdef_int=\count299
\l__fontspec_tmpa_dim=\dimen197
\l__fontspec_tmpb_dim=\dimen198
\l__fontspec_tmpc_dim=\dimen199
 (d:/ProgramFiles/TeXLive/2022/texmf-dist/tex/latex/base/fontenc.sty
Package: fontenc 2021/04/29 v2.0v Standard LaTeX package
) (d:/ProgramFiles/TeXLive/2022/texmf-dist/tex/latex/fontspec/fontspec.cfg))) (d:/ProgramFiles/TeXLive/2022/texmf-dist/tex/latex/base/fix-cm.sty
Package: fix-cm 2020/11/24 v1.1t fixes to LaTeX
 (d:/ProgramFiles/TeXLive/2022/texmf-dist/tex/latex/base/ts1enc.def
File: ts1enc.def 2001/06/05 v3.0e (jk/car/fm) Standard LaTeX file
LaTeX Font Info:    Redeclaring font encoding TS1 on input line 47.
)) (d:/ProgramFiles/TeXLive/2022/texmf-dist/tex/latex/setspace/setspace.sty
Package: setspace 2011/12/19 v6.7a set line spacing
) (d:/ProgramFiles/TeXLive/2022/texmf-dist/tex/generic/babel/babel.sty
Package: babel 2022/10/04 3.81 The Babel package
 (d:/ProgramFiles/TeXLive/2022/texmf-dist/tex/generic/babel/babel.def
File: babel.def 2022/10/04 3.81 Babel common definitions
) (d:/ProgramFiles/TeXLive/2022/texmf-dist/tex/generic/babel/luababel.def
\bbl@readstream=\read3
\l@dumylang=\language2
Package babel Info: Non-standard hyphenation setup on input line 118.
\l@nohyphenation=\language3
\l@german-x-2022-03-16=\language4
\l@ngerman-x-2022-03-16=\language5
\l@afrikaans=\language6
\l@ancientgreek=\language7
\l@ibycus=\language8
\l@arabic=\language9
\l@armenian=\language10
\l@basque=\language11
\l@belarusian=\language12
\l@bulgarian=\language13
\l@catalan=\language14
\l@pinyin=\language15
\l@churchslavonic=\language16
\l@coptic=\language17
\l@croatian=\language18
\l@czech=\language19
\l@danish=\language20
\l@dutch=\language21
\l@ukenglish=\language22
\l@usenglishmax=\language23
\l@esperanto=\language24
\l@estonian=\language25
\l@ethiopic=\language26
\l@farsi=\language27
\l@finnish=\language28
\l@schoolfinnish=\language29
\l@french=\language30
\l@friulan=\language31
\l@galician=\language32
\l@georgian=\language33
\l@german=\language34
\l@ngerman=\language35
\l@swissgerman=\language36
\l@greek=\language37
\l@monogreek=\language38
\l@hungarian=\language39
\l@icelandic=\language40
\l@assamese=\language41
\l@bengali=\language42
\l@gujarati=\language43
\l@hindi=\language44
\l@kannada=\language45
\l@malayalam=\language46
\l@marathi=\language47
\l@oriya=\language48
\l@pali=\language49
\l@panjabi=\language50
\l@tamil=\language51
\l@telugu=\language52
\l@indonesian=\language53
\l@interlingua=\language54
\l@irish=\language55
\l@italian=\language56
\l@kurmanji=\language57
\l@classiclatin=\language58
\l@latin=\language59
\l@liturgicallatin=\language60
\l@latvian=\language61
\l@lithuanian=\language62
\l@macedonian=\language63
\l@mongolian=\language64
\l@mongolianlmc=\language65
\l@bokmal=\language66
\l@nynorsk=\language67
\l@occitan=\language68
\l@piedmontese=\language69
\l@polish=\language70
\l@portuguese=\language71
\l@romanian=\language72
\l@romansh=\language73
\l@russian=\language74
\l@sanskrit=\language75
\l@serbian=\language76
\l@serbianc=\language77
\l@slovak=\language78
\l@slovenian=\language79
\l@spanish=\language80
\l@swedish=\language81
\l@thai=\language82
\l@turkish=\language83
\l@turkmen=\language84
\l@ukrainian=\language85
\l@uppersorbian=\language86
\l@welsh=\language87
\babelcatcodetablenum=\catcodetable12
\bbl@pattcodes=\catcodetable13
)) (d:/ProgramFiles/TeXLive/2022/texmf-dist/tex/latex/lipsum/lipsum.sty (d:/ProgramFiles/TeXLive/2022/texmf-dist/tex/latex/l3packages/l3keys2e/l3keys2e.sty
Package: l3keys2e 2022-06-22 LaTeX2e option processing using LaTeX3 keys
)
Package: lipsum 2021-09-20 v2.7 150 paragraphs of Lorem Ipsum dummy text
\g__lipsum_par_int=\count300
\l__lipsum_a_int=\count301
\l__lipsum_b_int=\count302
 (d:/ProgramFiles/TeXLive/2022/texmf-dist/tex/latex/lipsum/lipsum.ltd.tex)) (d:/ProgramFiles/TeXLive/2022/texmf-dist/tex/latex/montserrat/montserrat.fontspec)
luaotfload | cache : Lookup cache loaded from D:/ProgramFiles/TeXLive/2022/texmf-var/luatex-cache/generic/names/luaotfload-lookup-cache.luc. (d:/ProgramFiles/TeXLive/2022/texmf-dist/tex/latex/montserrat/montserrat.fontspec) (d:/ProgramFiles/TeXLive/2022/texmf-dist/tex/latex/montserrat/montserrat.fontspec)

Package fontspec Info: Font family 'Montserrat(0)' created for font
(fontspec)             'Montserrat' with options [LetterSpace=10].
(fontspec)              
(fontspec)              This font family consists of the following NFSS
(fontspec)             series/shapes:
(fontspec)              
(fontspec)             - 'normal' (m/n) with NFSS spec.:
(fontspec)             <->"Montserrat:mode=node;script=latn;language=dflt;letterspace=10;"
(fontspec)             - 'small caps'  (m/sc) with NFSS spec.:
(fontspec)             <->"Montserrat:mode=node;script=latn;language=dflt;letterspace=10;+smcp;"
(fontspec)             - 'bold' (b/n) with NFSS spec.:
(fontspec)             <->"Montserrat/B:mode=node;script=latn;language=dflt;letterspace=10;"
(fontspec)             - 'bold small caps'  (b/sc) with NFSS spec.:
(fontspec)             <->"Montserrat/B:mode=node;script=latn;language=dflt;letterspace=10;+smcp;"
(fontspec)             - 'italic' (m/it) with NFSS spec.:
(fontspec)             <->"Montserrat/I:mode=node;script=latn;language=dflt;letterspace=10;"
(fontspec)             - 'italic small caps'  (m/scit) with NFSS spec.:
(fontspec)             <->"Montserrat/I:mode=node;script=latn;language=dflt;letterspace=10;+smcp;"
(fontspec)             - 'bold italic' (b/it) with NFSS spec.:
(fontspec)             <->"Montserrat/BI:mode=node;script=latn;language=dflt;letterspace=10;"
(fontspec)             - 'bold italic small caps'  (b/scit) with NFSS spec.:
(fontspec)             <->"Montserrat/BI:mode=node;script=latn;language=dflt;letterspace=10;+smcp;"

 (d:/ProgramFiles/TeXLive/2022/texmf-dist/tex/latex/montserrat/montserrat.fontspec)

Package fontspec Info: Could not resolve font "MontserratLight/BI" (it
(fontspec)             probably doesn't exist).


Package fontspec Info: Could not resolve font "MontserratLight/B" (it probably
(fontspec)             doesn't exist).


Package fontspec Info: Could not resolve font "MontserratLight/I" (it probably
(fontspec)             doesn't exist).


Package fontspec Info: Font family 'Montserrat(1)' created for font
(fontspec)             'Montserrat' with options [UprightFont={* Light}].
(fontspec)              
(fontspec)              This font family consists of the following NFSS
(fontspec)             series/shapes:
(fontspec)              
(fontspec)             - 'normal' (m/n) with NFSS spec.:
(fontspec)             <->"MontserratLight:mode=node;script=latn;language=dflt;"
(fontspec)             - 'small caps'  (m/sc) with NFSS spec.:
(fontspec)             <->"MontserratLight:mode=node;script=latn;language=dflt;+smcp;"

 (./ofzorzo.aux)
\openout1 = ofzorzo.aux

LaTeX Font Info:    Checking defaults for OML/cmm/m/it on input line 23.
LaTeX Font Info:    ... okay on input line 23.
LaTeX Font Info:    Checking defaults for OMS/cmsy/m/n on input line 23.
LaTeX Font Info:    ... okay on input line 23.
LaTeX Font Info:    Checking defaults for OT1/cmr/m/n on input line 23.
LaTeX Font Info:    ... okay on input line 23.
LaTeX Font Info:    Checking defaults for T1/cmr/m/n on input line 23.
LaTeX Font Info:    ... okay on input line 23.
LaTeX Font Info:    Checking defaults for TS1/cmr/m/n on input line 23.
LaTeX Font Info:    ... okay on input line 23.
LaTeX Font Info:    Checking defaults for TU/lmr/m/n on input line 23.
LaTeX Font Info:    ... okay on input line 23.
LaTeX Font Info:    Checking defaults for OMX/cmex/m/n on input line 23.
LaTeX Font Info:    ... okay on input line 23.
LaTeX Font Info:    Checking defaults for U/cmr/m/n on input line 23.
LaTeX Font Info:    ... okay on input line 23.
 (d:/ProgramFiles/TeXLive/2022/texmf-dist/tex/context/base/mkii/supp-pdf.mkii
[Loading MPS to PDF converter (version 2006.09.02).]
\scratchcounter=\count303
\scratchdimen=\dimen256
\scratchbox=\box69
\nofMPsegments=\count304
\nofMParguments=\count305
\everyMPshowfont=\toks30
\MPscratchCnt=\count306
\MPscratchDim=\dimen257
\MPnumerator=\count307
\makeMPintoPDFobject=\count308
\everyMPtoPDFconversion=\toks31
) (d:/ProgramFiles/TeXLive/2022/texmf-dist/tex/latex/epstopdf-pkg/epstopdf-base.sty
Package: epstopdf-base 2020-01-24 v2.11 Base part for package epstopdf
Package epstopdf-base Info: Redefining graphics rule for `.eps' on input line 485.
 (d:/ProgramFiles/TeXLive/2022/texmf-dist/tex/latex/latexconfig/epstopdf-sys.cfg
File: epstopdf-sys.cfg 2010/07/13 v1.3 Configuration of (r)epstopdf for TeX Live
))

Package fontspec Info: Adjusting the maths setup (use [no-math] to avoid
(fontspec)             this).

\symlegacymaths=\mathgroup4
LaTeX Font Info:    Overwriting symbol font `legacymaths' in version `bold'
(Font)                  OT1/cmr/m/n --> OT1/cmr/bx/n on input line 23.
LaTeX Font Info:    Redeclaring math accent \acute on input line 23.
LaTeX Font Info:    Redeclaring math accent \grave on input line 23.
LaTeX Font Info:    Redeclaring math accent \ddot on input line 23.
LaTeX Font Info:    Redeclaring math accent \tilde on input line 23.
LaTeX Font Info:    Redeclaring math accent \bar on input line 23.
LaTeX Font Info:    Redeclaring math accent \breve on input line 23.
LaTeX Font Info:    Redeclaring math accent \check on input line 23.
LaTeX Font Info:    Redeclaring math accent \hat on input line 23.
LaTeX Font Info:    Redeclaring math accent \dot on input line 23.
LaTeX Font Info:    Redeclaring math accent \mathring on input line 23.
LaTeX Font Info:    Redeclaring math symbol \colon on input line 23.
LaTeX Font Info:    Redeclaring math symbol \Gamma on input line 23.
LaTeX Font Info:    Redeclaring math symbol \Delta on input line 23.
LaTeX Font Info:    Redeclaring math symbol \Theta on input line 23.
LaTeX Font Info:    Redeclaring math symbol \Lambda on input line 23.
LaTeX Font Info:    Redeclaring math symbol \Xi on input line 23.
LaTeX Font Info:    Redeclaring math symbol \Pi on input line 23.
LaTeX Font Info:    Redeclaring math symbol \Sigma on input line 23.
LaTeX Font Info:    Redeclaring math symbol \Upsilon on input line 23.
LaTeX Font Info:    Redeclaring math symbol \Phi on input line 23.
LaTeX Font Info:    Redeclaring math symbol \Psi on input line 23.
LaTeX Font Info:    Redeclaring math symbol \Omega on input line 23.
LaTeX Font Info:    Redeclaring math symbol \mathdollar on input line 23.
LaTeX Font Info:    Redeclaring symbol font `operators' on input line 23.
LaTeX Font Info:    Encoding `OT1' has changed to `TU' for symbol font
(Font)              `operators' in the math version `normal' on input line 23.
LaTeX Font Info:    Overwriting symbol font `operators' in version `normal'
(Font)                  OT1/cmr/m/n --> TU/lmr/m/n on input line 23.
LaTeX Font Info:    Encoding `OT1' has changed to `TU' for symbol font
(Font)              `operators' in the math version `bold' on input line 23.
LaTeX Font Info:    Overwriting symbol font `operators' in version `bold'
(Font)                  OT1/cmr/bx/n --> TU/lmr/m/n on input line 23.
LaTeX Font Info:    Overwriting symbol font `operators' in version `normal'
(Font)                  TU/lmr/m/n --> TU/lmr/m/n on input line 23.
LaTeX Font Info:    Overwriting math alphabet `\mathit' in version `normal'
(Font)                  OT1/cmr/m/it --> TU/lmr/m/it on input line 23.
LaTeX Font Info:    Overwriting math alphabet `\mathbf' in version `normal'
(Font)                  OT1/cmr/bx/n --> TU/lmr/b/n on input line 23.
LaTeX Font Info:    Overwriting math alphabet `\mathsf' in version `normal'
(Font)                  OT1/cmss/m/n --> TU/lmss/m/n on input line 23.
LaTeX Font Info:    Overwriting math alphabet `\mathtt' in version `normal'
(Font)                  OT1/cmtt/m/n --> TU/lmtt/m/n on input line 23.
LaTeX Font Info:    Overwriting symbol font `operators' in version `bold'
(Font)                  TU/lmr/m/n --> TU/lmr/b/n on input line 23.
LaTeX Font Info:    Overwriting math alphabet `\mathit' in version `bold'
(Font)                  OT1/cmr/bx/it --> TU/lmr/b/it on input line 23.
LaTeX Font Info:    Overwriting math alphabet `\mathsf' in version `bold'
(Font)                  OT1/cmss/bx/n --> TU/lmss/b/n on input line 23.
LaTeX Font Info:    Overwriting math alphabet `\mathtt' in version `bold'
(Font)                  OT1/cmtt/m/n --> TU/lmtt/b/n on input line 23.
Inserting `luaotfload.letterspace' at position 2 in `pre_linebreak_filter'.
Inserting `luaotfload.letterspace' at position 3 in `hpack_filter'.
Overfull \hbox (14.51668pt too wide) in paragraph at lines 40--41
[]\TU/Montserrat(1)/m/n/10 Ggray Lorem ipsum dolor sit amet,
 []


Overfull \hbox (14.85114pt too wide) in paragraph at lines 40--41
\TU/Montserrat(1)/m/n/10 consectetuer adipiscing elit. Ut purus
 []


Overfull \hbox (31.89073pt too wide) in paragraph at lines 40--41
\TU/Montserrat(1)/m/n/10 elit, vestibulum ut, placerat ac, adipiscing
 []


Overfull \hbox (7.4625pt too wide) in paragraph at lines 40--41
\TU/Montserrat(1)/m/n/10 vitae, felis. Curabitur dictum gravida
 []


Overfull \hbox (6.41248pt too wide) in paragraph at lines 40--41
\TU/Montserrat(1)/m/n/10 mauris. Nam arcu libero, nonummy
 []


Overfull \hbox (10.52777pt too wide) in paragraph at lines 40--41
\TU/Montserrat(1)/m/n/10 neque. Pellentesque habitant morbi
 []


Overfull \hbox (29.77666pt too wide) in paragraph at lines 40--41
\TU/Montserrat(1)/m/n/10 tristique senectus et netus et malesuada
 []


Overfull \hbox (8.44449pt too wide) in paragraph at lines 40--41
\TU/Montserrat(1)/m/n/10 leo. Cras viverra metus rhoncus sem.
 []


Overfull \hbox (22.43669pt too wide) in paragraph at lines 40--41
\TU/Montserrat(1)/m/n/10 Nulla et lectus vestibulum urna fringilla
 []


Overfull \hbox (4.42445pt too wide) in paragraph at lines 40--41
\TU/Montserrat(1)/m/n/10 ultrices. Phasellus eu tellus sit amet
 []


Overfull \hbox (16.10114pt too wide) in paragraph at lines 40--41
\TU/Montserrat(1)/m/n/10 tortor gravida placerat. Integer sapien
 []


Overfull \hbox (28.40114pt too wide) in paragraph at lines 40--41
\TU/Montserrat(1)/m/n/10 leo ultrices bibendum. Aenean faucibus.
 []


Overfull \hbox (11.60716pt too wide) in paragraph at lines 40--41
\TU/Montserrat(1)/m/n/10 pulvinar at, mollis ac, nulla. Curabitur
 []


Overfull \hbox (8.17915pt too wide) in paragraph at lines 40--41
\TU/Montserrat(1)/m/n/10 orci eget risus. Duis nibh mi, congue
 []


Overfull \hbox (5.74603pt too wide) in paragraph at lines 40--41
\TU/Montserrat(1)/m/n/10 eu, accumsan eleifend, sagittis quis,
 []


Overfull \hbox (14.65938pt too wide) in paragraph at lines 41--41
[]\TU/Montserrat(1)/m/n/10 Nam dui ligula, fringilla a, euismod
 []


Overfull \hbox (25.08069pt too wide) in paragraph at lines 41--41
\TU/Montserrat(1)/m/n/10 libero, pretium at, lobortis vitae, ultricies
 []


Overfull \hbox (26.7747pt too wide) in paragraph at lines 41--41
\TU/Montserrat(1)/m/n/10 accumsan bibendum, erat ligula aliquet
 []


Overfull \hbox (1.31892pt too wide) in paragraph at lines 41--41
\TU/Montserrat(1)/m/n/10 mollis. Suspendisse ut massa. Cras
 []


Overfull \hbox (7.95224pt too wide) in paragraph at lines 41--41
\TU/Montserrat(1)/m/n/10 nec ante. Pellentesque a nulla. Cum
 []


Overfull \hbox (5.20332pt too wide) in paragraph at lines 41--41
\TU/Montserrat(1)/m/n/10 sociis natoque penatibus et magnis
 []


Overfull \hbox (29.75467pt too wide) in paragraph at lines 41--41
\TU/Montserrat(1)/m/n/10 dis parturient montes, nascetur ridiculus
 []


Overfull \hbox (5.01894pt too wide) in paragraph at lines 41--41
\TU/Montserrat(1)/m/n/10 mus. Aliquam tincidunt urna. Nulla
 []


Overfull \hbox (50.98781pt too wide) in paragraph at lines 41--41
\TU/Montserrat(1)/m/n/10 ullamcorper vestibulum turpis. Pellentesque
 []


Overfull \hbox (2.68pt too wide) in paragraph at lines 41--41
[]\TU/Montserrat(1)/m/n/10 Nulla malesuada porttitor diam.
 []


Overfull \hbox (15.29935pt too wide) in paragraph at lines 41--41
\TU/Montserrat(1)/m/n/10 Donec felis erat, congue non, volutpat
 []


Overfull \hbox (13.8938pt too wide) in paragraph at lines 41--41
\TU/Montserrat(1)/m/n/10 at, tincidunt tristique, libero. Vivamus
 []


Overfull \hbox (37.25113pt too wide) in paragraph at lines 41--41
\TU/Montserrat(1)/m/n/10 viverra fermentum felis. Donec nonummy
 []


Overfull \hbox (26.07779pt too wide) in paragraph at lines 41--41
\TU/Montserrat(1)/m/n/10 pellentesque ante. Phasellus adipiscing
 []


Overfull \hbox (11.85114pt too wide) in paragraph at lines 41--41
\TU/Montserrat(1)/m/n/10 semper elit. Proin fermentum massa
 []


Overfull \hbox (4.01581pt too wide) in paragraph at lines 41--41
\TU/Montserrat(1)/m/n/10 ac quam. Sed diam turpis, molestie
 []


Overfull \hbox (9.84116pt too wide) in paragraph at lines 41--41
\TU/Montserrat(1)/m/n/10 Maecenas lacinia. Nam ipsum ligula,
 []


Overfull \hbox (1.02603pt too wide) in paragraph at lines 41--41
\TU/Montserrat(1)/m/n/10 eleifend at, accumsan nec, suscipit
 []


Overfull \hbox (10.45583pt too wide) in paragraph at lines 41--41
\TU/Montserrat(1)/m/n/10 a, ipsum. Morbi blandit ligula feugiat
 []


Overfull \hbox (0.29446pt too wide) in paragraph at lines 41--41
\TU/Montserrat(1)/m/n/10 lorem. Sed lacinia nulla vitae enim.
 []


Overfull \hbox (30.16333pt too wide) in paragraph at lines 41--41
\TU/Montserrat(1)/m/n/10 Pellentesque tincidunt purus vel magna.
 []


Overfull \hbox (11.81111pt too wide) in paragraph at lines 41--41
\TU/Montserrat(1)/m/n/10 Integer non enim. Praesent euismod
 []


Overfull \hbox (19.55447pt too wide) in paragraph at lines 41--41
\TU/Montserrat(1)/m/n/10 quam in tellus. Nullam cursus pulvinar
 []


Overfull \hbox (5.67224pt too wide) in paragraph at lines 41--41
\TU/Montserrat(1)/m/n/10 lectus. Donec et mi. Nam vulputate
 []


Overfull \hbox (35.08112pt too wide) in paragraph at lines 41--41
\TU/Montserrat(1)/m/n/10 metus eu enim. Vestibulum pellentesque
 []


Overfull \hbox (28.42004pt too wide) in paragraph at lines 41--41
[]\TU/Montserrat(1)/m/n/10 Quisque ullamcorper placerat ipsum.
 []


Overfull \hbox (6.1878pt too wide) in paragraph at lines 41--41
\TU/Montserrat(1)/m/n/10 Cras nibh. Morbi vel justo vitae lacus
 []


Overfull \hbox (13.74113pt too wide) in paragraph at lines 41--41
\TU/Montserrat(1)/m/n/10 tincidunt ultrices. Lorem ipsum dolor
 []


Overfull \hbox (12.58446pt too wide) in paragraph at lines 41--41
\TU/Montserrat(1)/m/n/10 elit. In hac habitasse platea dictumst.
 []


Overfull \hbox (21.00113pt too wide) in paragraph at lines 41--41
\TU/Montserrat(1)/m/n/10 Integer tempus convallis augue. Etiam
 []


Overfull \hbox (19.5078pt too wide) in paragraph at lines 41--41
\TU/Montserrat(1)/m/n/10 facilisis. Nunc elementum fermentum
 []


Overfull \hbox (5.98894pt too wide) in paragraph at lines 41--41
\TU/Montserrat(1)/m/n/10 wisi. Aenean placerat. Ut imperdiet,
 []


Overfull \hbox (1.78802pt too wide) in paragraph at lines 41--41
\TU/Montserrat(1)/m/n/10 odio placerat quam, ac pulvinar elit
 []


Overfull \hbox (2.72444pt too wide) in paragraph at lines 41--41
\TU/Montserrat(1)/m/n/10 purus eget enim. Nunc vitae tortor.
 []


Overfull \hbox (30.72775pt too wide) in paragraph at lines 41--41
\TU/Montserrat(1)/m/n/10 Proin tempus nibh sit amet nisl. Vivamus
 []


Overfull \hbox (6.25665pt too wide) in paragraph at lines 41--41
\TU/Montserrat(1)/m/n/10 quis tortor vitae risus porta vehicula. 
 []


Overfull \hbox (6.8878pt too wide) in paragraph at lines 41--41
[]\TU/Montserrat(1)/m/n/10 Fusce mauris. Vestibulum luctus
 []


Overfull \hbox (5.10579pt too wide) in paragraph at lines 41--41
\TU/Montserrat(1)/m/n/10 nibh at lectus. Sed bibendum, nulla
 []


Overfull \hbox (2.57802pt too wide) in paragraph at lines 41--41
\TU/Montserrat(1)/m/n/10 a faucibus semper, leo velit ultricies
 []


Overfull \hbox (3.44135pt too wide) in paragraph at lines 41--41
\TU/Montserrat(1)/m/n/10 tellus, ac venenatis arcu wisi vel nisl.
 []


Overfull \hbox (32.7078pt too wide) in paragraph at lines 41--41
\TU/Montserrat(1)/m/n/10 Vestibulum diam. Aliquam pellentesque,
 []


Overfull \hbox (2.72449pt too wide) in paragraph at lines 41--41
\TU/Montserrat(1)/m/n/10 risus eros eget felis. Maecenas eget
 []


Overfull \hbox (35.76442pt too wide) in paragraph at lines 41--41
\TU/Montserrat(1)/m/n/10 erat in sapien mattis porttitor. Vestibulum
 []


Overfull \hbox (3.74467pt too wide) in paragraph at lines 41--41
\TU/Montserrat(1)/m/n/10 fringilla, wisi in dignissim interdum,
 []


Overfull \hbox (7.54448pt too wide) in paragraph at lines 41--41
\TU/Montserrat(1)/m/n/10 libero dui cursus dui. Mauris tempor
 []


Overfull \hbox (8.46564pt too wide) in paragraph at lines 41--41
\TU/Montserrat(1)/m/n/10 ut augue. Cras ac magna. Cras nulla.
 []


Overfull \hbox (21.1623pt too wide) in paragraph at lines 41--41
\TU/Montserrat(1)/m/n/10 Nulla egestas. Curabitur a leo. Quisque
 []


Overfull \hbox (9.58447pt too wide) in paragraph at lines 41--41
\TU/Montserrat(1)/m/n/10 egestas wisi eget nunc. Nam feugiat
 []


Overfull \hbox (10.69115pt too wide) in paragraph at lines 41--41
\TU/Montserrat(1)/m/n/10 lacus vel est. Curabitur consectetuer. 
 []


Overfull \hbox (19.69934pt too wide) in paragraph at lines 41--41
\TU/Montserrat(1)/m/n/10 lorem, interdum eu, tincidunt sit amet,
 []


Overfull \hbox (4.92249pt too wide) in paragraph at lines 41--41
\TU/Montserrat(1)/m/n/10 laoreet vitae, arcu. Aenean faucibus
 []


Overfull \hbox (4.71599pt too wide) in paragraph at lines 41--41
\TU/Montserrat(1)/m/n/10 rutrum at, molestie non, nonummy
 []


Overfull \hbox (24.93936pt too wide) in paragraph at lines 41--41
\TU/Montserrat(1)/m/n/10 sit amet, fermentum eu, sodales cursus,
 []


Overfull \hbox (3.878pt too wide) in paragraph at lines 41--41
\TU/Montserrat(1)/m/n/10 pede lorem egestas dui, et convallis
 []


Overfull \hbox (22.326pt too wide) in paragraph at lines 41--41
\TU/Montserrat(1)/m/n/10 est, nonummy in, fermentum faucibus,
 []


Overfull \hbox (27.60114pt too wide) in paragraph at lines 41--41
[]\TU/Montserrat(1)/m/n/10 Sed commodo posuere pede. Mauris
 []


Overfull \hbox (16.89558pt too wide) in paragraph at lines 41--41
\TU/Montserrat(1)/m/n/10 non odio. Morbi ut dui. Sed accumsan
 []


Overfull \hbox (1.35777pt too wide) in paragraph at lines 41--41
\TU/Montserrat(1)/m/n/10 platea dictumst. Pellentesque non
 []


Overfull \hbox (18.30247pt too wide) in paragraph at lines 41--41
\TU/Montserrat(1)/m/n/10 tincidunt. Mauris felis odio, sollicitudin
 []


Overfull \hbox (9.47183pt too wide) in paragraph at lines 41--41
\TU/Montserrat(1)/m/n/10 sed, volutpat a, ornare ac, erat. Morbi
 []


Overfull \hbox (7.92245pt too wide) in paragraph at lines 41--41
\TU/Montserrat(1)/m/n/10 quis dolor. Donec pellentesque, erat
 []


Overfull \hbox (6.788pt too wide) in paragraph at lines 41--41
\TU/Montserrat(1)/m/n/10 ac sagittis semper, nunc dui lobortis
 []


Overfull \hbox (4.11226pt too wide) in paragraph at lines 41--41
\TU/Montserrat(1)/m/n/10 ultricies tellus. Proin et quam. Class
 []


Overfull \hbox (23.04665pt too wide) in paragraph at lines 41--41
\TU/Montserrat(1)/m/n/10 aptent taciti sociosqu ad litora torquent
 []


Overfull \hbox (50.12799pt too wide) in paragraph at lines 41--41
\TU/Montserrat(1)/m/n/10 per conubia nostra, per inceptos hymenaeos.
 []


Overfull \hbox (2.41135pt too wide) in paragraph at lines 41--41
\TU/Montserrat(1)/m/n/10 Praesent sapien turpis, fermentum
 []


Overfull \hbox (14.51668pt too wide) in paragraph at lines 44--45
[]\TU/Montserrat(1)/m/n/10 Ggray Lorem ipsum dolor sit amet,
 []


Overfull \hbox (14.85114pt too wide) in paragraph at lines 44--45
\TU/Montserrat(1)/m/n/10 consectetuer adipiscing elit. Ut purus
 []


Overfull \hbox (31.89073pt too wide) in paragraph at lines 44--45
\TU/Montserrat(1)/m/n/10 elit, vestibulum ut, placerat ac, adipiscing
 []


Overfull \hbox (7.4625pt too wide) in paragraph at lines 44--45
\TU/Montserrat(1)/m/n/10 vitae, felis. Curabitur dictum gravida
 []


Overfull \hbox (6.41248pt too wide) in paragraph at lines 44--45
\TU/Montserrat(1)/m/n/10 mauris. Nam arcu libero, nonummy
 []


Overfull \hbox (10.52777pt too wide) in paragraph at lines 44--45
\TU/Montserrat(1)/m/n/10 neque. Pellentesque habitant morbi
 []


Overfull \hbox (29.77666pt too wide) in paragraph at lines 44--45
\TU/Montserrat(1)/m/n/10 tristique senectus et netus et malesuada
 []


Overfull \hbox (8.44449pt too wide) in paragraph at lines 44--45
\TU/Montserrat(1)/m/n/10 leo. Cras viverra metus rhoncus sem.
 []


Overfull \hbox (22.43669pt too wide) in paragraph at lines 44--45
\TU/Montserrat(1)/m/n/10 Nulla et lectus vestibulum urna fringilla
 []


Overfull \hbox (4.42445pt too wide) in paragraph at lines 44--45
\TU/Montserrat(1)/m/n/10 ultrices. Phasellus eu tellus sit amet
 []


Overfull \hbox (16.10114pt too wide) in paragraph at lines 44--45
\TU/Montserrat(1)/m/n/10 tortor gravida placerat. Integer sapien
 []


Overfull \hbox (28.40114pt too wide) in paragraph at lines 44--45
\TU/Montserrat(1)/m/n/10 leo ultrices bibendum. Aenean faucibus.
 []


Overfull \hbox (11.60716pt too wide) in paragraph at lines 44--45
\TU/Montserrat(1)/m/n/10 pulvinar at, mollis ac, nulla. Curabitur
 []


Overfull \hbox (8.17915pt too wide) in paragraph at lines 44--45
\TU/Montserrat(1)/m/n/10 orci eget risus. Duis nibh mi, congue
 []


Overfull \hbox (5.74603pt too wide) in paragraph at lines 44--45
\TU/Montserrat(1)/m/n/10 eu, accumsan eleifend, sagittis quis,
 []


Overfull \hbox (14.65938pt too wide) in paragraph at lines 45--45
[]\TU/Montserrat(1)/m/n/10 Nam dui ligula, fringilla a, euismod
 []


Overfull \hbox (25.08069pt too wide) in paragraph at lines 45--45
\TU/Montserrat(1)/m/n/10 libero, pretium at, lobortis vitae, ultricies
 []


Overfull \hbox (26.7747pt too wide) in paragraph at lines 45--45
\TU/Montserrat(1)/m/n/10 accumsan bibendum, erat ligula aliquet
 []


Overfull \hbox (1.31892pt too wide) in paragraph at lines 45--45
\TU/Montserrat(1)/m/n/10 mollis. Suspendisse ut massa. Cras
 []


Overfull \hbox (7.95224pt too wide) in paragraph at lines 45--45
\TU/Montserrat(1)/m/n/10 nec ante. Pellentesque a nulla. Cum
 []


Overfull \hbox (5.20332pt too wide) in paragraph at lines 45--45
\TU/Montserrat(1)/m/n/10 sociis natoque penatibus et magnis
 []


Overfull \hbox (29.75467pt too wide) in paragraph at lines 45--45
\TU/Montserrat(1)/m/n/10 dis parturient montes, nascetur ridiculus
 []


Overfull \hbox (5.01894pt too wide) in paragraph at lines 45--45
\TU/Montserrat(1)/m/n/10 mus. Aliquam tincidunt urna. Nulla
 []


Overfull \hbox (50.98781pt too wide) in paragraph at lines 45--45
\TU/Montserrat(1)/m/n/10 ullamcorper vestibulum turpis. Pellentesque
 []


Overfull \hbox (2.68pt too wide) in paragraph at lines 45--45
[]\TU/Montserrat(1)/m/n/10 Nulla malesuada porttitor diam.
 []


Overfull \hbox (15.29935pt too wide) in paragraph at lines 45--45
\TU/Montserrat(1)/m/n/10 Donec felis erat, congue non, volutpat
 []


Overfull \hbox (13.8938pt too wide) in paragraph at lines 45--45
\TU/Montserrat(1)/m/n/10 at, tincidunt tristique, libero. Vivamus
 []


Overfull \hbox (37.25113pt too wide) in paragraph at lines 45--45
\TU/Montserrat(1)/m/n/10 viverra fermentum felis. Donec nonummy
 []


Overfull \hbox (26.07779pt too wide) in paragraph at lines 45--45
\TU/Montserrat(1)/m/n/10 pellentesque ante. Phasellus adipiscing
 []


Overfull \hbox (11.85114pt too wide) in paragraph at lines 45--45
\TU/Montserrat(1)/m/n/10 semper elit. Proin fermentum massa
 []


Overfull \hbox (4.01581pt too wide) in paragraph at lines 45--45
\TU/Montserrat(1)/m/n/10 ac quam. Sed diam turpis, molestie
 []


Overfull \hbox (9.84116pt too wide) in paragraph at lines 45--45
\TU/Montserrat(1)/m/n/10 Maecenas lacinia. Nam ipsum ligula,
 []


Overfull \hbox (1.02603pt too wide) in paragraph at lines 45--45
\TU/Montserrat(1)/m/n/10 eleifend at, accumsan nec, suscipit
 []


Overfull \hbox (10.45583pt too wide) in paragraph at lines 45--45
\TU/Montserrat(1)/m/n/10 a, ipsum. Morbi blandit ligula feugiat
 []


Overfull \hbox (0.29446pt too wide) in paragraph at lines 45--45
\TU/Montserrat(1)/m/n/10 lorem. Sed lacinia nulla vitae enim.
 []


Overfull \hbox (30.16333pt too wide) in paragraph at lines 45--45
\TU/Montserrat(1)/m/n/10 Pellentesque tincidunt purus vel magna.
 []


Overfull \hbox (11.81111pt too wide) in paragraph at lines 45--45
\TU/Montserrat(1)/m/n/10 Integer non enim. Praesent euismod
 []


Overfull \hbox (19.55447pt too wide) in paragraph at lines 45--45
\TU/Montserrat(1)/m/n/10 quam in tellus. Nullam cursus pulvinar
 []


Overfull \hbox (5.67224pt too wide) in paragraph at lines 45--45
\TU/Montserrat(1)/m/n/10 lectus. Donec et mi. Nam vulputate
 []


Overfull \hbox (35.08112pt too wide) in paragraph at lines 45--45
\TU/Montserrat(1)/m/n/10 metus eu enim. Vestibulum pellentesque
 []

[1

{d:/ProgramFiles/TeXLive/2022/texmf-var/fonts/map/pdftex/updmap/pdftex.map}]
Overfull \hbox (28.42004pt too wide) in paragraph at lines 45--45
[]\TU/Montserrat(1)/m/n/10 Quisque ullamcorper placerat ipsum.
 []


Overfull \hbox (6.1878pt too wide) in paragraph at lines 45--45
\TU/Montserrat(1)/m/n/10 Cras nibh. Morbi vel justo vitae lacus
 []


Overfull \hbox (13.74113pt too wide) in paragraph at lines 45--45
\TU/Montserrat(1)/m/n/10 tincidunt ultrices. Lorem ipsum dolor
 []


Overfull \hbox (12.58446pt too wide) in paragraph at lines 45--45
\TU/Montserrat(1)/m/n/10 elit. In hac habitasse platea dictumst.
 []


Overfull \hbox (21.00113pt too wide) in paragraph at lines 45--45
\TU/Montserrat(1)/m/n/10 Integer tempus convallis augue. Etiam
 []


Overfull \hbox (19.5078pt too wide) in paragraph at lines 45--45
\TU/Montserrat(1)/m/n/10 facilisis. Nunc elementum fermentum
 []


Overfull \hbox (5.98894pt too wide) in paragraph at lines 45--45
\TU/Montserrat(1)/m/n/10 wisi. Aenean placerat. Ut imperdiet,
 []


Overfull \hbox (1.78802pt too wide) in paragraph at lines 45--45
\TU/Montserrat(1)/m/n/10 odio placerat quam, ac pulvinar elit
 []


Overfull \hbox (2.72444pt too wide) in paragraph at lines 45--45
\TU/Montserrat(1)/m/n/10 purus eget enim. Nunc vitae tortor.
 []


Overfull \hbox (30.72775pt too wide) in paragraph at lines 45--45
\TU/Montserrat(1)/m/n/10 Proin tempus nibh sit amet nisl. Vivamus
 []


Overfull \hbox (6.25665pt too wide) in paragraph at lines 45--45
\TU/Montserrat(1)/m/n/10 quis tortor vitae risus porta vehicula. 
 []


Overfull \hbox (6.8878pt too wide) in paragraph at lines 45--45
[]\TU/Montserrat(1)/m/n/10 Fusce mauris. Vestibulum luctus
 []


Overfull \hbox (5.10579pt too wide) in paragraph at lines 45--45
\TU/Montserrat(1)/m/n/10 nibh at lectus. Sed bibendum, nulla
 []


Overfull \hbox (2.57802pt too wide) in paragraph at lines 45--45
\TU/Montserrat(1)/m/n/10 a faucibus semper, leo velit ultricies
 []


Overfull \hbox (3.44135pt too wide) in paragraph at lines 45--45
\TU/Montserrat(1)/m/n/10 tellus, ac venenatis arcu wisi vel nisl.
 []


Overfull \hbox (32.7078pt too wide) in paragraph at lines 45--45
\TU/Montserrat(1)/m/n/10 Vestibulum diam. Aliquam pellentesque,
 []


Overfull \hbox (2.72449pt too wide) in paragraph at lines 45--45
\TU/Montserrat(1)/m/n/10 risus eros eget felis. Maecenas eget
 []


Overfull \hbox (35.76442pt too wide) in paragraph at lines 45--45
\TU/Montserrat(1)/m/n/10 erat in sapien mattis porttitor. Vestibulum
 []


Overfull \hbox (3.74467pt too wide) in paragraph at lines 45--45
\TU/Montserrat(1)/m/n/10 fringilla, wisi in dignissim interdum,
 []


Overfull \hbox (7.54448pt too wide) in paragraph at lines 45--45
\TU/Montserrat(1)/m/n/10 libero dui cursus dui. Mauris tempor
 []


Overfull \hbox (8.46564pt too wide) in paragraph at lines 45--45
\TU/Montserrat(1)/m/n/10 ut augue. Cras ac magna. Cras nulla.
 []


Overfull \hbox (21.1623pt too wide) in paragraph at lines 45--45
\TU/Montserrat(1)/m/n/10 Nulla egestas. Curabitur a leo. Quisque
 []


Overfull \hbox (9.58447pt too wide) in paragraph at lines 45--45
\TU/Montserrat(1)/m/n/10 egestas wisi eget nunc. Nam feugiat
 []


Overfull \hbox (10.69115pt too wide) in paragraph at lines 45--45
\TU/Montserrat(1)/m/n/10 lacus vel est. Curabitur consectetuer. 
 []

[2]
Overfull \hbox (19.69934pt too wide) in paragraph at lines 45--45
\TU/Montserrat(1)/m/n/10 lorem, interdum eu, tincidunt sit amet,
 []


Overfull \hbox (4.92249pt too wide) in paragraph at lines 45--45
\TU/Montserrat(1)/m/n/10 laoreet vitae, arcu. Aenean faucibus
 []


Overfull \hbox (4.71599pt too wide) in paragraph at lines 45--45
\TU/Montserrat(1)/m/n/10 rutrum at, molestie non, nonummy
 []


Overfull \hbox (24.93936pt too wide) in paragraph at lines 45--45
\TU/Montserrat(1)/m/n/10 sit amet, fermentum eu, sodales cursus,
 []


Overfull \hbox (3.878pt too wide) in paragraph at lines 45--45
\TU/Montserrat(1)/m/n/10 pede lorem egestas dui, et convallis
 []


Overfull \hbox (22.326pt too wide) in paragraph at lines 45--45
\TU/Montserrat(1)/m/n/10 est, nonummy in, fermentum faucibus,
 []


Overfull \hbox (27.60114pt too wide) in paragraph at lines 45--45
[]\TU/Montserrat(1)/m/n/10 Sed commodo posuere pede. Mauris
 []


Overfull \hbox (16.89558pt too wide) in paragraph at lines 45--45
\TU/Montserrat(1)/m/n/10 non odio. Morbi ut dui. Sed accumsan
 []


Overfull \hbox (1.35777pt too wide) in paragraph at lines 45--45
\TU/Montserrat(1)/m/n/10 platea dictumst. Pellentesque non
 []


Overfull \hbox (18.30247pt too wide) in paragraph at lines 45--45
\TU/Montserrat(1)/m/n/10 tincidunt. Mauris felis odio, sollicitudin
 []


Overfull \hbox (9.47183pt too wide) in paragraph at lines 45--45
\TU/Montserrat(1)/m/n/10 sed, volutpat a, ornare ac, erat. Morbi
 []


Overfull \hbox (7.92245pt too wide) in paragraph at lines 45--45
\TU/Montserrat(1)/m/n/10 quis dolor. Donec pellentesque, erat
 []


Overfull \hbox (6.788pt too wide) in paragraph at lines 45--45
\TU/Montserrat(1)/m/n/10 ac sagittis semper, nunc dui lobortis
 []


Overfull \hbox (4.11226pt too wide) in paragraph at lines 45--45
\TU/Montserrat(1)/m/n/10 ultricies tellus. Proin et quam. Class
 []


Overfull \hbox (23.04665pt too wide) in paragraph at lines 45--45
\TU/Montserrat(1)/m/n/10 aptent taciti sociosqu ad litora torquent
 []


Overfull \hbox (50.12799pt too wide) in paragraph at lines 45--45
\TU/Montserrat(1)/m/n/10 per conubia nostra, per inceptos hymenaeos.
 []


Overfull \hbox (2.41135pt too wide) in paragraph at lines 45--45
\TU/Montserrat(1)/m/n/10 Praesent sapien turpis, fermentum
 []

[3] [4] [5] [6] (./ofzorzo.aux))

Here is how much of LuaTeX's memory you used:
 16209 strings out of 477352
 100000,953878 words of node,token memory allocated
 448 words of node memory still in use:
   3 hlist, 1 vlist, 1 rule, 2 glue, 3 kern, 1 glyph, 5 attribute, 55 glue_spec, 5 attribute_list, 2 write nodes
   avail lists: 2:262,3:101,4:18,5:1023,6:15,7:9275,9:354,10:1,11:8
 36772 multiletter control sequences out of 65536+600000
 33 fonts using 4324527 bytes
 100i,8n,98p,440b,688s stack positions out of 10000i,1000n,20000p,200000b,200000s
<d:/ProgramFiles/TeXLive/2022/texmf-dist/fonts/opentype/public/montserrat/Montserrat-Light.otf><d:/ProgramFiles/TeXLive/2022/texmf-dist/fonts/opentype/public/montserrat/Montserrat-Bold.otf>
Output written on ofzorzo.pdf (6 pages, 18185 bytes).

PDF statistics: 40 PDF objects out of 1000 (max. 8388607)
 25 compressed objects within 1 object stream
 0 named destinations out of 1000 (max. 131072)
 16 words of extra memory for PDF output out of 10000 (max. 100000000)

